{"C:\\Users\\rapha\\news-summary-challenge\\src\\utils\\newsDataService.js": {"path":"C:\\Users\\rapha\\news-summary-challenge\\src\\utils\\newsDataService.js","all":false,"statementMap":{"0":{"start":{"line":1,"column":0},"end":{"line":1,"column":26}},"1":{"start":{"line":2,"column":0},"end":{"line":2,"column":0}},"2":{"start":{"line":3,"column":0},"end":{"line":3,"column":34}},"3":{"start":{"line":4,"column":0},"end":{"line":4,"column":1}},"4":{"start":{"line":5,"column":0},"end":{"line":5,"column":7}},"5":{"start":{"line":6,"column":0},"end":{"line":6,"column":5}},"6":{"start":{"line":7,"column":0},"end":{"line":7,"column":203}},"7":{"start":{"line":8,"column":0},"end":{"line":8,"column":33}},"8":{"start":{"line":9,"column":0},"end":{"line":9,"column":5}},"9":{"start":{"line":10,"column":0},"end":{"line":10,"column":17}},"10":{"start":{"line":11,"column":0},"end":{"line":11,"column":5}},"11":{"start":{"line":12,"column":0},"end":{"line":12,"column":21}},"12":{"start":{"line":13,"column":0},"end":{"line":13,"column":5}},"13":{"start":{"line":14,"column":0},"end":{"line":14,"column":1}}},"s":{"0":1,"1":1,"2":1,"3":3,"4":3,"5":3,"6":3,"7":2,"8":2,"9":3,"10":1,"11":1,"12":1,"13":3},"branchMap":{"0":{"type":"branch","line":3,"loc":{"start":{"line":3,"column":23},"end":{"line":14,"column":1}},"locations":[{"start":{"line":3,"column":23},"end":{"line":14,"column":1}}]},"1":{"type":"branch","line":8,"loc":{"start":{"line":8,"column":-2},"end":{"line":10,"column":4}},"locations":[{"start":{"line":8,"column":-2},"end":{"line":10,"column":4}}]},"2":{"type":"branch","line":10,"loc":{"start":{"line":10,"column":4},"end":{"line":13,"column":5}},"locations":[{"start":{"line":10,"column":4},"end":{"line":13,"column":5}}]}},"b":{"0":[3],"1":[2],"2":[1]},"fnMap":{"0":{"name":"getNews","decl":{"start":{"line":3,"column":23},"end":{"line":14,"column":1}},"loc":{"start":{"line":3,"column":23},"end":{"line":14,"column":1}},"line":3}},"f":{"0":3}}
}
